<?xml version="1.0" encoding="UTF-8"?>
<!-- Generated by org.testng.reporters.JUnitReportReporter -->
<testsuite hostname="vtnhuan" failures="0" tests="1" name="bp2.TCExportPeriodRoyaltyInvoice" time="24.181" errors="0" timestamp="08 Jan 2019 07:39:35 GMT" skipped="0">
  <testcase classname="bp2.TCExportPeriodRoyaltyInvoice" name="ExportPeriodRoyaltyInvoice" time="24.181"/>
</testsuite> <!-- bp2.TCExportPeriodRoyaltyInvoice -->
