<?xml version="1.0" encoding="UTF-8"?>
<!-- Generated by org.testng.reporters.JUnitReportReporter -->
<testsuite skipped="0" hostname="DESKTOP-E659HJO" name="demo.TC001" tests="1" failures="0" timestamp="17 Apr 2019 04:31:00 GMT" time="67.748" errors="0">
  <testcase name="testGoogle" time="67.748" classname="demo.TC001"/>
</testsuite> <!-- demo.TC001 -->
