<?xml version="1.0" encoding="UTF-8"?>
<!-- Generated by org.testng.reporters.JUnitReportReporter -->
<testsuite hostname="vtnhuan" failures="0" tests="1" name="bp2.TCImportStudio" time="27.331" errors="0" timestamp="08 Jan 2019 07:39:35 GMT" skipped="0">
  <testcase classname="bp2.TCImportStudio" name="ImportDeleteStudio" time="27.331"/>
</testsuite> <!-- bp2.TCImportStudio -->
