<?xml version="1.0" encoding="UTF-8"?>
<!-- Generated by org.testng.reporters.JUnitReportReporter -->
<testsuite hostname="vtnhuan" failures="0" tests="1" name="bp2.TCAddCrossRegionalTier" time="37.792" errors="0" timestamp="08 Jan 2019 07:39:36 GMT" skipped="0">
  <testcase classname="bp2.TCAddCrossRegionalTier" name="AddEditDeleteTier" time="37.792"/>
</testsuite> <!-- bp2.TCAddCrossRegionalTier -->
