<?xml version="1.0" encoding="UTF-8"?>
<!-- Generated by org.testng.reporters.JUnitReportReporter -->
<testsuite hostname="vtnhuan" failures="0" tests="1" name="bp2.TCCreateEditDeleteSuperSAUser" time="48.060" errors="0" timestamp="08 Jan 2019 07:39:36 GMT" skipped="0">
  <testcase classname="bp2.TCCreateEditDeleteSuperSAUser" name="CreateEditDeleteSuperSAUser" time="48.060"/>
</testsuite> <!-- bp2.TCCreateEditDeleteSuperSAUser -->
